\BOOKMARK [1][-]{section.1}{ITIL\040procesi}{}% 1
\BOOKMARK [2][-]{subsection.1.1}{Change\040Management}{section.1}% 2
\BOOKMARK [2][-]{subsection.1.2}{Event\040Management}{section.1}% 3
\BOOKMARK [1][-]{section.2}{Opis\040i\040namjena\040sistema}{}% 4
\BOOKMARK [2][-]{subsection.2.1}{Osnovne\040informacije\040o\040kompaniji}{section.2}% 5
\BOOKMARK [2][-]{subsection.2.2}{Poslovni\040procesi}{section.2}% 6
\BOOKMARK [3][-]{subsubsection.2.2.1}{Upravljanje\040promjenama}{subsection.2.2}% 7
\BOOKMARK [3][-]{subsubsection.2.2.2}{Upravljanje događajima}{subsection.2.2}% 8
\BOOKMARK [2][-]{subsection.2.3}{Pregled slučajeva upotrebe}{section.2}% 9
\BOOKMARK [2][-]{subsection.2.4}{Metodologija\040razvoja\040sistema}{section.2}% 10
\BOOKMARK [2][-]{subsection.2.5}{Prototip\040sistema}{section.2}% 11
\BOOKMARK [1][-]{section.3}{Funkcionalni\040zahtjevi}{}% 12
\BOOKMARK [2][-]{subsection.3.1}{FZ\0401.\040Prijava\040na\040sistem}{section.3}% 13
\BOOKMARK [3][-]{subsubsection.3.1.1}{Uvod}{subsection.3.1}% 14
\BOOKMARK [3][-]{subsubsection.3.1.2}{Preduslovi}{subsection.3.1}% 15
\BOOKMARK [3][-]{subsubsection.3.1.3}{Ulazi}{subsection.3.1}% 16
\BOOKMARK [3][-]{subsubsection.3.1.4}{Obrada}{subsection.3.1}% 17
\BOOKMARK [3][-]{subsubsection.3.1.5}{Izlazi}{subsection.3.1}% 18
\BOOKMARK [3][-]{subsubsection.3.1.6}{Prioritet\040realizacije}{subsection.3.1}% 19
\BOOKMARK [2][-]{subsection.3.2}{FZ\0402.\040Odjava\040sa\040sistema}{section.3}% 20
\BOOKMARK [3][-]{subsubsection.3.2.1}{Uvod}{subsection.3.2}% 21
\BOOKMARK [3][-]{subsubsection.3.2.2}{Preduslovi}{subsection.3.2}% 22
\BOOKMARK [3][-]{subsubsection.3.2.3}{Ulazi}{subsection.3.2}% 23
\BOOKMARK [3][-]{subsubsection.3.2.4}{Obrada}{subsection.3.2}% 24
\BOOKMARK [3][-]{subsubsection.3.2.5}{Izlazi}{subsection.3.2}% 25
\BOOKMARK [3][-]{subsubsection.3.2.6}{Prioritet\040realizacije}{subsection.3.2}% 26
\BOOKMARK [2][-]{subsection.3.3}{FZ\0403.\040Slanje\040zahtjeva\040za\040promjenom}{section.3}% 27
\BOOKMARK [3][-]{subsubsection.3.3.1}{Uvod}{subsection.3.3}% 28
\BOOKMARK [3][-]{subsubsection.3.3.2}{Preduslovi}{subsection.3.3}% 29
\BOOKMARK [3][-]{subsubsection.3.3.3}{Ulazi}{subsection.3.3}% 30
\BOOKMARK [3][-]{subsubsection.3.3.4}{Obrada}{subsection.3.3}% 31
\BOOKMARK [3][-]{subsubsection.3.3.5}{Izlazi}{subsection.3.3}% 32
\BOOKMARK [3][-]{subsubsection.3.3.6}{Prioritet\040realizacije}{subsection.3.3}% 33
\BOOKMARK [2][-]{subsection.3.4}{FZ 4. Prijava grešaka}{section.3}% 34
\BOOKMARK [3][-]{subsubsection.3.4.1}{Uvod}{subsection.3.4}% 35
\BOOKMARK [3][-]{subsubsection.3.4.2}{Preduslovi}{subsection.3.4}% 36
\BOOKMARK [3][-]{subsubsection.3.4.3}{Ulazi}{subsection.3.4}% 37
\BOOKMARK [3][-]{subsubsection.3.4.4}{Obrada}{subsection.3.4}% 38
\BOOKMARK [3][-]{subsubsection.3.4.5}{Izlazi}{subsection.3.4}% 39
\BOOKMARK [3][-]{subsubsection.3.4.6}{Prioritet\040realizacije}{subsection.3.4}% 40
\BOOKMARK [2][-]{subsection.3.5}{FZ\0405.\040Pregled\040svih\040prijava}{section.3}% 41
\BOOKMARK [3][-]{subsubsection.3.5.1}{Uvod}{subsection.3.5}% 42
\BOOKMARK [3][-]{subsubsection.3.5.2}{Preduslovi}{subsection.3.5}% 43
\BOOKMARK [3][-]{subsubsection.3.5.3}{Ulazi}{subsection.3.5}% 44
\BOOKMARK [3][-]{subsubsection.3.5.4}{Obrada}{subsection.3.5}% 45
\BOOKMARK [3][-]{subsubsection.3.5.5}{Izlazi}{subsection.3.5}% 46
\BOOKMARK [3][-]{subsubsection.3.5.6}{Prioritet\040realizacije}{subsection.3.5}% 47
\BOOKMARK [2][-]{subsection.3.6}{FZ\0406.\040Arhiviranje\040prijava}{section.3}% 48
\BOOKMARK [3][-]{subsubsection.3.6.1}{Uvod}{subsection.3.6}% 49
\BOOKMARK [3][-]{subsubsection.3.6.2}{Preduslovi}{subsection.3.6}% 50
\BOOKMARK [3][-]{subsubsection.3.6.3}{Ulazi}{subsection.3.6}% 51
\BOOKMARK [3][-]{subsubsection.3.6.4}{Obrada}{subsection.3.6}% 52
\BOOKMARK [3][-]{subsubsection.3.6.5}{Izlazi}{subsection.3.6}% 53
\BOOKMARK [3][-]{subsubsection.3.6.6}{Prioritet\040realizacije}{subsection.3.6}% 54
\BOOKMARK [2][-]{subsection.3.7}{FZ\0407.\040Pregled\040svih\040pristiglih\040zahtjeva}{section.3}% 55
\BOOKMARK [3][-]{subsubsection.3.7.1}{Uvod}{subsection.3.7}% 56
\BOOKMARK [3][-]{subsubsection.3.7.2}{Preduslovi}{subsection.3.7}% 57
\BOOKMARK [3][-]{subsubsection.3.7.3}{Ulazi}{subsection.3.7}% 58
\BOOKMARK [3][-]{subsubsection.3.7.4}{Obrada}{subsection.3.7}% 59
\BOOKMARK [3][-]{subsubsection.3.7.5}{Izlazi}{subsection.3.7}% 60
\BOOKMARK [3][-]{subsubsection.3.7.6}{Prioritet\040realizacije}{subsection.3.7}% 61
\BOOKMARK [2][-]{subsection.3.8}{FZ 8. Odlučivanje po zahtjevu}{section.3}% 62
\BOOKMARK [3][-]{subsubsection.3.8.1}{Uvod}{subsection.3.8}% 63
\BOOKMARK [3][-]{subsubsection.3.8.2}{Preduslovi}{subsection.3.8}% 64
\BOOKMARK [3][-]{subsubsection.3.8.3}{Ulazi}{subsection.3.8}% 65
\BOOKMARK [3][-]{subsubsection.3.8.4}{Obrada}{subsection.3.8}% 66
\BOOKMARK [3][-]{subsubsection.3.8.5}{Izlazi}{subsection.3.8}% 67
\BOOKMARK [3][-]{subsubsection.3.8.6}{Prioritet\040realizacije}{subsection.3.8}% 68
\BOOKMARK [2][-]{subsection.3.9}{FZ 9. Pregled svih događaja u sistemu}{section.3}% 69
\BOOKMARK [3][-]{subsubsection.3.9.1}{Uvod}{subsection.3.9}% 70
\BOOKMARK [3][-]{subsubsection.3.9.2}{Preduslovi}{subsection.3.9}% 71
\BOOKMARK [3][-]{subsubsection.3.9.3}{Ulazi}{subsection.3.9}% 72
\BOOKMARK [3][-]{subsubsection.3.9.4}{Obrada}{subsection.3.9}% 73
\BOOKMARK [3][-]{subsubsection.3.9.5}{Izlazi}{subsection.3.9}% 74
\BOOKMARK [3][-]{subsubsection.3.9.6}{Prioritet\040realizacije}{subsection.3.9}% 75
\BOOKMARK [2][-]{subsection.3.10}{FZ 10. Slanje zahtjeva na konačno odlučivanje}{section.3}% 76
\BOOKMARK [3][-]{subsubsection.3.10.1}{Uvod}{subsection.3.10}% 77
\BOOKMARK [3][-]{subsubsection.3.10.2}{Preduslovi}{subsection.3.10}% 78
\BOOKMARK [3][-]{subsubsection.3.10.3}{Ulazi}{subsection.3.10}% 79
\BOOKMARK [3][-]{subsubsection.3.10.4}{Obrada}{subsection.3.10}% 80
\BOOKMARK [3][-]{subsubsection.3.10.5}{Izlazi}{subsection.3.10}% 81
\BOOKMARK [3][-]{subsubsection.3.10.6}{Prioritet\040realizacije}{subsection.3.10}% 82
\BOOKMARK [2][-]{subsection.3.11}{FZ 11. Raspoređivanje događaja}{section.3}% 83
\BOOKMARK [3][-]{subsubsection.3.11.1}{Uvod}{subsection.3.11}% 84
\BOOKMARK [3][-]{subsubsection.3.11.2}{Preduslovi}{subsection.3.11}% 85
\BOOKMARK [3][-]{subsubsection.3.11.3}{Ulazi}{subsection.3.11}% 86
\BOOKMARK [3][-]{subsubsection.3.11.4}{Obrada}{subsection.3.11}% 87
\BOOKMARK [3][-]{subsubsection.3.11.5}{Izlazi}{subsection.3.11}% 88
\BOOKMARK [3][-]{subsubsection.3.11.6}{Prioritet\040realizacije}{subsection.3.11}% 89
\BOOKMARK [2][-]{subsection.3.12}{FZ 12. Pregled izvještaja}{section.3}% 90
\BOOKMARK [3][-]{subsubsection.3.12.1}{Uvod}{subsection.3.12}% 91
\BOOKMARK [3][-]{subsubsection.3.12.2}{Preduslovi}{subsection.3.12}% 92
\BOOKMARK [3][-]{subsubsection.3.12.3}{Ulazi}{subsection.3.12}% 93
\BOOKMARK [3][-]{subsubsection.3.12.4}{Obrada}{subsection.3.12}% 94
\BOOKMARK [3][-]{subsubsection.3.12.5}{Izlazi}{subsection.3.12}% 95
\BOOKMARK [3][-]{subsubsection.3.12.6}{Prioritet\040realizacije}{subsection.3.12}% 96
\BOOKMARK [1][-]{section.4}{Arhitekturalni\040stack}{}% 97
\BOOKMARK [2][-]{subsection.4.1}{Dijagram\040klase}{section.4}% 98
\BOOKMARK [2][-]{subsection.4.2}{Entity\040Relationship\040dijagram\040\(ERD\)}{section.4}% 99
\BOOKMARK [1][-]{section.5}{Tehnološki stack}{}% 100
\BOOKMARK [2][-]{subsection.5.1}{Opis korištenih tehnologija}{section.5}% 101
\BOOKMARK [1][-]{section.6}{Nefunkcionalni\040zahtjevi}{}% 102
\BOOKMARK [2][-]{subsection.6.1}{Odziv\040sistema}{section.6}% 103
\BOOKMARK [2][-]{subsection.6.2}{Propusnost}{section.6}% 104
\BOOKMARK [2][-]{subsection.6.3}{Poruke o greškama}{section.6}% 105
\BOOKMARK [2][-]{subsection.6.4}{Dostupnost}{section.6}% 106
\BOOKMARK [2][-]{subsection.6.5}{Skalabilnost}{section.6}% 107
\BOOKMARK [2][-]{subsection.6.6}{Dokumentovanost\040sistema}{section.6}% 108
\BOOKMARK [2][-]{subsection.6.7}{Autorizacija\040korisnika}{section.6}% 109
\BOOKMARK [1][-]{section.7}{Korisnički interface-i}{}% 110
\BOOKMARK [1][-]{section.8}{Zakonska ograničenja dizajna}{}% 111
